<?xml version="1.0" encoding="UTF-8"?>
<testng-results ignored="0" total="9" passed="8" failed="1" skipped="0">
  <reporter-output>
  </reporter-output>
  <suite started-at="2020-07-23T19:17:10 IST" name="Test Automation Suite" finished-at="2020-07-23T19:21:11 IST" duration-ms="240847">
    <groups>
    </groups>
    <test started-at="2020-07-23T19:17:10 IST" name="Test Automation Test " finished-at="2020-07-23T19:21:11 IST" duration-ms="240847">
      <class name="com.automation.qa.testcases.ContactPageTest">
        <test-method is-config="true" signature="setExtent()[pri:0, instance:com.automation.qa.testcases.ContactPageTest@618b19ad]" started-at="2020-07-23T19:17:10 IST" name="setExtent" finished-at="2020-07-23T19:17:10 IST" duration-ms="390" status="PASS">
          <reporter-output>
          </reporter-output>
        </test-method> <!-- setExtent -->
        <test-method is-config="true" signature="setUp()[pri:0, instance:com.automation.qa.testcases.ContactPageTest@618b19ad]" started-at="2020-07-23T19:20:39 IST" name="setUp" finished-at="2020-07-23T19:21:06 IST" duration-ms="27523" status="PASS">
          <reporter-output>
          </reporter-output>
        </test-method> <!-- setUp -->
        <test-method signature="verifyContactUSLabelTest()[pri:1, instance:com.automation.qa.testcases.ContactPageTest@618b19ad]" started-at="2020-07-23T19:21:06 IST" name="verifyContactUSLabelTest" finished-at="2020-07-23T19:21:08 IST" duration-ms="1938" status="PASS">
          <reporter-output>
          </reporter-output>
        </test-method> <!-- verifyContactUSLabelTest -->
        <test-method is-config="true" signature="teardown(org.testng.ITestResult)[pri:0, instance:com.automation.qa.testcases.ContactPageTest@618b19ad]" started-at="2020-07-23T19:21:08 IST" name="teardown" finished-at="2020-07-23T19:21:10 IST" duration-ms="1193" status="PASS">
          <params>
            <param index="0">
              <value>
                <![CDATA[[TestResult name=verifyContactUSLabelTest status=SUCCESS method=ContactPageTest.verifyContactUSLabelTest()[pri:1, instance:com.automation.qa.testcases.ContactPageTest@618b19ad] output={null}]]]>
              </value>
            </param>
          </params>
          <reporter-output>
          </reporter-output>
        </test-method> <!-- teardown -->
        <test-method is-config="true" signature="setExtent1()[pri:0, instance:com.automation.qa.testcases.ContactPageTest@618b19ad]" started-at="2020-07-23T19:21:10 IST" name="setExtent1" finished-at="2020-07-23T19:21:10 IST" duration-ms="715" status="PASS">
          <reporter-output>
          </reporter-output>
        </test-method> <!-- setExtent1 -->
      </class> <!-- com.automation.qa.testcases.ContactPageTest -->
      <class name="com.automation.qa.testcases.LoginPageTest">
        <test-method is-config="true" signature="setExtent()[pri:0, instance:com.automation.qa.testcases.LoginPageTest@765d7657]" started-at="2020-07-23T19:17:10 IST" name="setExtent" finished-at="2020-07-23T19:17:10 IST" duration-ms="7" status="PASS">
          <reporter-output>
          </reporter-output>
        </test-method> <!-- setExtent -->
        <test-method is-config="true" signature="setUp()[pri:0, instance:com.automation.qa.testcases.LoginPageTest@765d7657]" started-at="2020-07-23T19:17:10 IST" name="setUp" finished-at="2020-07-23T19:17:21 IST" duration-ms="10219" status="PASS">
          <reporter-output>
          </reporter-output>
        </test-method> <!-- setUp -->
        <test-method signature="loginPageTitleTest()[pri:1, instance:com.automation.qa.testcases.LoginPageTest@765d7657]" started-at="2020-07-23T19:17:21 IST" name="loginPageTitleTest" finished-at="2020-07-23T19:17:25 IST" duration-ms="4686" status="PASS">
          <reporter-output>
          </reporter-output>
        </test-method> <!-- loginPageTitleTest -->
        <test-method is-config="true" signature="teardown(org.testng.ITestResult)[pri:0, instance:com.automation.qa.testcases.LoginPageTest@765d7657]" started-at="2020-07-23T19:17:25 IST" name="teardown" finished-at="2020-07-23T19:17:28 IST" duration-ms="2748" status="PASS">
          <params>
            <param index="0">
              <value>
                <![CDATA[[TestResult name=loginPageTitleTest status=SUCCESS method=LoginPageTest.loginPageTitleTest()[pri:1, instance:com.automation.qa.testcases.LoginPageTest@765d7657] output={null}]]]>
              </value>
            </param>
          </params>
          <reporter-output>
          </reporter-output>
        </test-method> <!-- teardown -->
        <test-method is-config="true" signature="setUp()[pri:0, instance:com.automation.qa.testcases.LoginPageTest@765d7657]" started-at="2020-07-23T19:17:28 IST" name="setUp" finished-at="2020-07-23T19:17:36 IST" duration-ms="7578" status="PASS">
          <reporter-output>
          </reporter-output>
        </test-method> <!-- setUp -->
        <test-method signature="loginTest()[pri:2, instance:com.automation.qa.testcases.LoginPageTest@765d7657]" started-at="2020-07-23T19:17:36 IST" name="loginTest" finished-at="2020-07-23T19:17:54 IST" duration-ms="18663" status="PASS">
          <reporter-output>
          </reporter-output>
        </test-method> <!-- loginTest -->
        <test-method is-config="true" signature="teardown(org.testng.ITestResult)[pri:0, instance:com.automation.qa.testcases.LoginPageTest@765d7657]" started-at="2020-07-23T19:17:54 IST" name="teardown" finished-at="2020-07-23T19:17:55 IST" duration-ms="1052" status="PASS">
          <params>
            <param index="0">
              <value>
                <![CDATA[[TestResult name=loginTest status=SUCCESS method=LoginPageTest.loginTest()[pri:2, instance:com.automation.qa.testcases.LoginPageTest@765d7657] output={null}]]]>
              </value>
            </param>
          </params>
          <reporter-output>
          </reporter-output>
        </test-method> <!-- teardown -->
        <test-method is-config="true" signature="setUp()[pri:0, instance:com.automation.qa.testcases.LoginPageTest@765d7657]" started-at="2020-07-23T19:17:57 IST" name="setUp" finished-at="2020-07-23T19:18:04 IST" duration-ms="7594" status="PASS">
          <reporter-output>
          </reporter-output>
        </test-method> <!-- setUp -->
        <test-method signature="validataAllcredentials(java.lang.String, java.lang.String)[pri:3, instance:com.automation.qa.testcases.LoginPageTest@765d7657]" started-at="2020-07-23T19:18:04 IST" name="validataAllcredentials" data-provider="getExcelData" finished-at="2020-07-23T19:18:27 IST" duration-ms="22607" status="PASS">
          <params>
            <param index="0">
              <value>
                <![CDATA[9.561249414E9]]>
              </value>
            </param>
            <param index="1">
              <value>
                <![CDATA[Elephant12345]]>
              </value>
            </param>
          </params>
          <reporter-output>
          </reporter-output>
        </test-method> <!-- validataAllcredentials -->
        <test-method is-config="true" signature="teardown(org.testng.ITestResult)[pri:0, instance:com.automation.qa.testcases.LoginPageTest@765d7657]" started-at="2020-07-23T19:18:27 IST" name="teardown" finished-at="2020-07-23T19:18:28 IST" duration-ms="1028" status="PASS">
          <params>
            <param index="0">
              <value>
                <![CDATA[[TestResult name=validataAllcredentials status=SUCCESS method=LoginPageTest.validataAllcredentials(java.lang.String, java.lang.String)[pri:3, instance:com.automation.qa.testcases.LoginPageTest@765d7657] output={null}]]]>
              </value>
            </param>
          </params>
          <reporter-output>
          </reporter-output>
        </test-method> <!-- teardown -->
        <test-method is-config="true" signature="setUp()[pri:0, instance:com.automation.qa.testcases.LoginPageTest@765d7657]" started-at="2020-07-23T19:18:28 IST" name="setUp" finished-at="2020-07-23T19:18:36 IST" duration-ms="7869" status="PASS">
          <reporter-output>
          </reporter-output>
        </test-method> <!-- setUp -->
        <test-method signature="validataAllcredentials(java.lang.String, java.lang.String)[pri:3, instance:com.automation.qa.testcases.LoginPageTest@765d7657]" started-at="2020-07-23T19:18:36 IST" name="validataAllcredentials" data-provider="getExcelData" finished-at="2020-07-23T19:18:41 IST" duration-ms="5321" status="FAIL">
          <params>
            <param index="0">
              <value>
                <![CDATA[9.004444383E9]]>
              </value>
            </param>
            <param index="1">
              <value>
                <![CDATA[Buffalo12345]]>
              </value>
            </param>
          </params>
          <exception class="org.openqa.selenium.StaleElementReferenceException">
            <message>
              <![CDATA[stale element reference: element is not attached to the page document
  (Session info: chrome=83.0.4103.116)
For documentation on this error, please visit: http://seleniumhq.org/exceptions/stale_element_reference.html
Build info: version: '3.5.3', revision: 'a88d25fe6b', time: '2017-08-29T12:42:44.417Z'
System info: host: 'LAPTOP-AIJ2UD8P', ip: '192.168.0.105', os.name: 'Windows 10', os.arch: 'amd64', os.version: '10.0', java.version: '14.0.1'
Driver info: org.openqa.selenium.chrome.ChromeDriver
Capabilities [{networkConnectionEnabled=false, chrome={chromedriverVersion=83.0.4103.39 (ccbf011cb2d2b19b506d844400483861342c20cd-refs/branch-heads/4103@{#416}), userDataDir=C:\Users\ashis\AppData\Local\Temp\scoped_dir27460_367343196}, timeouts={implicit=0, pageLoad=300000, script=30000}, pageLoadStrategy=normal, unhandledPromptBehavior=dismiss and notify, strictFileInteractability=false, platform=XP, proxy=Proxy(), goog:chromeOptions={debuggerAddress=localhost:58368}, acceptInsecureCerts=false, browserVersion=83.0.4103.116, browserName=chrome, javascriptEnabled=true, platformName=XP, setWindowRect=true, webauthn:virtualAuthenticators=true}]
Session ID: 795bd7388e17253e1d6a89d0169fcbd9]]>
            </message>
            <full-stacktrace>
              <![CDATA[org.openqa.selenium.StaleElementReferenceException: stale element reference: element is not attached to the page document
  (Session info: chrome=83.0.4103.116)
For documentation on this error, please visit: http://seleniumhq.org/exceptions/stale_element_reference.html
Build info: version: '3.5.3', revision: 'a88d25fe6b', time: '2017-08-29T12:42:44.417Z'
System info: host: 'LAPTOP-AIJ2UD8P', ip: '192.168.0.105', os.name: 'Windows 10', os.arch: 'amd64', os.version: '10.0', java.version: '14.0.1'
Driver info: org.openqa.selenium.chrome.ChromeDriver
Capabilities [{networkConnectionEnabled=false, chrome={chromedriverVersion=83.0.4103.39 (ccbf011cb2d2b19b506d844400483861342c20cd-refs/branch-heads/4103@{#416}), userDataDir=C:\Users\ashis\AppData\Local\Temp\scoped_dir27460_367343196}, timeouts={implicit=0, pageLoad=300000, script=30000}, pageLoadStrategy=normal, unhandledPromptBehavior=dismiss and notify, strictFileInteractability=false, platform=XP, proxy=Proxy(), goog:chromeOptions={debuggerAddress=localhost:58368}, acceptInsecureCerts=false, browserVersion=83.0.4103.116, browserName=chrome, javascriptEnabled=true, platformName=XP, setWindowRect=true, webauthn:virtualAuthenticators=true}]
Session ID: 795bd7388e17253e1d6a89d0169fcbd9
at java.base/jdk.internal.reflect.NativeConstructorAccessorImpl.newInstance0(Native Method)
at java.base/jdk.internal.reflect.NativeConstructorAccessorImpl.newInstance(NativeConstructorAccessorImpl.java:62)
at java.base/jdk.internal.reflect.DelegatingConstructorAccessorImpl.newInstance(DelegatingConstructorAccessorImpl.java:45)
at java.base/java.lang.reflect.Constructor.newInstanceWithCaller(Constructor.java:500)
at java.base/java.lang.reflect.Constructor.newInstance(Constructor.java:481)
at org.openqa.selenium.remote.http.W3CHttpResponseCodec.createException(W3CHttpResponseCodec.java:185)
at org.openqa.selenium.remote.http.W3CHttpResponseCodec.decode(W3CHttpResponseCodec.java:120)
at org.openqa.selenium.remote.http.W3CHttpResponseCodec.decode(W3CHttpResponseCodec.java:49)
at org.openqa.selenium.remote.HttpCommandExecutor.execute(HttpCommandExecutor.java:164)
at org.openqa.selenium.remote.service.DriverCommandExecutor.execute(DriverCommandExecutor.java:82)
at org.openqa.selenium.remote.RemoteWebDriver.execute(RemoteWebDriver.java:646)
at org.openqa.selenium.remote.RemoteWebElement.execute(RemoteWebElement.java:275)
at org.openqa.selenium.remote.RemoteWebElement.click(RemoteWebElement.java:82)
at java.base/jdk.internal.reflect.NativeMethodAccessorImpl.invoke0(Native Method)
at java.base/jdk.internal.reflect.NativeMethodAccessorImpl.invoke(NativeMethodAccessorImpl.java:62)
at java.base/jdk.internal.reflect.DelegatingMethodAccessorImpl.invoke(DelegatingMethodAccessorImpl.java:43)
at java.base/java.lang.reflect.Method.invoke(Method.java:564)
at org.openqa.selenium.support.pagefactory.internal.LocatingElementHandler.invoke(LocatingElementHandler.java:51)
at com.sun.proxy.$Proxy17.click(Unknown Source)
at com.automation.qa.pages.LoginPage.login(LoginPage.java:51)
at com.automation.qa.testcases.LoginPageTest.validataAllcredentials(LoginPageTest.java:73)
at java.base/jdk.internal.reflect.NativeMethodAccessorImpl.invoke0(Native Method)
at java.base/jdk.internal.reflect.NativeMethodAccessorImpl.invoke(NativeMethodAccessorImpl.java:62)
at java.base/jdk.internal.reflect.DelegatingMethodAccessorImpl.invoke(DelegatingMethodAccessorImpl.java:43)
at java.base/java.lang.reflect.Method.invoke(Method.java:564)
at org.testng.internal.MethodInvocationHelper.invokeMethod(MethodInvocationHelper.java:135)
at org.testng.internal.TestInvoker.invokeMethod(TestInvoker.java:598)
at org.testng.internal.TestInvoker.invokeTestMethod(TestInvoker.java:174)
at org.testng.internal.MethodRunner.runInSequence(MethodRunner.java:46)
at org.testng.internal.TestInvoker$MethodInvocationAgent.invoke(TestInvoker.java:821)
at org.testng.internal.TestInvoker.invokeTestMethods(TestInvoker.java:147)
at org.testng.internal.TestMethodWorker.invokeTestMethods(TestMethodWorker.java:146)
at org.testng.internal.TestMethodWorker.run(TestMethodWorker.java:128)
at java.base/java.util.ArrayList.forEach(ArrayList.java:1510)
at org.testng.TestRunner.privateRun(TestRunner.java:767)
at org.testng.TestRunner.run(TestRunner.java:588)
at org.testng.SuiteRunner.runTest(SuiteRunner.java:384)
at org.testng.SuiteRunner.runSequentially(SuiteRunner.java:378)
at org.testng.SuiteRunner.privateRun(SuiteRunner.java:337)
at org.testng.SuiteRunner.run(SuiteRunner.java:286)
at org.testng.SuiteRunnerWorker.runSuite(SuiteRunnerWorker.java:53)
at org.testng.SuiteRunnerWorker.run(SuiteRunnerWorker.java:96)
at org.testng.TestNG.runSuitesSequentially(TestNG.java:1214)
at org.testng.TestNG.runSuitesLocally(TestNG.java:1136)
at org.testng.TestNG.runSuites(TestNG.java:1066)
at org.testng.TestNG.run(TestNG.java:1034)
at org.testng.remote.AbstractRemoteTestNG.run(AbstractRemoteTestNG.java:115)
at org.testng.remote.RemoteTestNG.initAndRun(RemoteTestNG.java:251)
at org.testng.remote.RemoteTestNG.main(RemoteTestNG.java:77)
]]>
            </full-stacktrace>
          </exception> <!-- org.openqa.selenium.StaleElementReferenceException -->
          <reporter-output>
          </reporter-output>
        </test-method> <!-- validataAllcredentials -->
        <test-method is-config="true" signature="teardown(org.testng.ITestResult)[pri:0, instance:com.automation.qa.testcases.LoginPageTest@765d7657]" started-at="2020-07-23T19:18:41 IST" name="teardown" finished-at="2020-07-23T19:18:43 IST" duration-ms="2207" status="PASS">
          <params>
            <param index="0">
              <value>
                <![CDATA[[TestResult name=validataAllcredentials status=FAILURE method=LoginPageTest.validataAllcredentials(java.lang.String, java.lang.String)[pri:3, instance:com.automation.qa.testcases.LoginPageTest@765d7657] output={null}]]]>
              </value>
            </param>
          </params>
          <reporter-output>
          </reporter-output>
        </test-method> <!-- teardown -->
        <test-method is-config="true" signature="setUp()[pri:0, instance:com.automation.qa.testcases.LoginPageTest@765d7657]" started-at="2020-07-23T19:18:43 IST" name="setUp" finished-at="2020-07-23T19:18:51 IST" duration-ms="7259" status="PASS">
          <reporter-output>
          </reporter-output>
        </test-method> <!-- setUp -->
        <test-method signature="validataAllcredentials(java.lang.String, java.lang.String)[pri:3, instance:com.automation.qa.testcases.LoginPageTest@765d7657]" started-at="2020-07-23T19:18:51 IST" name="validataAllcredentials" data-provider="getExcelData" finished-at="2020-07-23T19:19:08 IST" duration-ms="16860" status="PASS">
          <params>
            <param index="0">
              <value>
                <![CDATA[9.503811453E9]]>
              </value>
            </param>
            <param index="1">
              <value>
                <![CDATA[Cow12345678]]>
              </value>
            </param>
          </params>
          <reporter-output>
          </reporter-output>
        </test-method> <!-- validataAllcredentials -->
        <test-method is-config="true" signature="teardown(org.testng.ITestResult)[pri:0, instance:com.automation.qa.testcases.LoginPageTest@765d7657]" started-at="2020-07-23T19:19:08 IST" name="teardown" finished-at="2020-07-23T19:19:09 IST" duration-ms="947" status="PASS">
          <params>
            <param index="0">
              <value>
                <![CDATA[[TestResult name=validataAllcredentials status=SUCCESS method=LoginPageTest.validataAllcredentials(java.lang.String, java.lang.String)[pri:3, instance:com.automation.qa.testcases.LoginPageTest@765d7657] output={null}]]]>
              </value>
            </param>
          </params>
          <reporter-output>
          </reporter-output>
        </test-method> <!-- teardown -->
        <test-method is-config="true" signature="setExtent1()[pri:0, instance:com.automation.qa.testcases.LoginPageTest@765d7657]" started-at="2020-07-23T19:21:11 IST" name="setExtent1" finished-at="2020-07-23T19:21:11 IST" duration-ms="222" status="PASS">
          <reporter-output>
          </reporter-output>
        </test-method> <!-- setExtent1 -->
      </class> <!-- com.automation.qa.testcases.LoginPageTest -->
      <class name="com.automation.qa.testcases.HomePageTest">
        <test-method is-config="true" signature="setExtent()[pri:0, instance:com.automation.qa.testcases.HomePageTest@74235045]" started-at="2020-07-23T19:17:10 IST" name="setExtent" finished-at="2020-07-23T19:17:10 IST" duration-ms="7" status="PASS">
          <reporter-output>
          </reporter-output>
        </test-method> <!-- setExtent -->
        <test-method is-config="true" signature="setup()[pri:0, instance:com.automation.qa.testcases.HomePageTest@74235045]" started-at="2020-07-23T19:19:09 IST" name="setup" finished-at="2020-07-23T19:19:36 IST" duration-ms="27336" status="PASS">
          <reporter-output>
          </reporter-output>
        </test-method> <!-- setup -->
        <test-method signature="homePageTitleTest()[pri:1, instance:com.automation.qa.testcases.HomePageTest@74235045]" started-at="2020-07-23T19:19:36 IST" name="homePageTitleTest" finished-at="2020-07-23T19:19:37 IST" duration-ms="747" status="PASS">
          <reporter-output>
          </reporter-output>
        </test-method> <!-- homePageTitleTest -->
        <test-method is-config="true" signature="teardown(org.testng.ITestResult)[pri:0, instance:com.automation.qa.testcases.HomePageTest@74235045]" started-at="2020-07-23T19:19:37 IST" name="teardown" finished-at="2020-07-23T19:19:38 IST" duration-ms="937" status="PASS">
          <params>
            <param index="0">
              <value>
                <![CDATA[[TestResult name=homePageTitleTest status=SUCCESS method=HomePageTest.homePageTitleTest()[pri:1, instance:com.automation.qa.testcases.HomePageTest@74235045] output={null}]]]>
              </value>
            </param>
          </params>
          <reporter-output>
          </reporter-output>
        </test-method> <!-- teardown -->
        <test-method is-config="true" signature="setup()[pri:0, instance:com.automation.qa.testcases.HomePageTest@74235045]" started-at="2020-07-23T19:19:38 IST" name="setup" finished-at="2020-07-23T19:20:05 IST" duration-ms="27516" status="PASS">
          <reporter-output>
          </reporter-output>
        </test-method> <!-- setup -->
        <test-method signature="clickOnContactLink()[pri:2, instance:com.automation.qa.testcases.HomePageTest@74235045]" started-at="2020-07-23T19:20:05 IST" name="clickOnContactLink" finished-at="2020-07-23T19:20:08 IST" duration-ms="3019" status="PASS">
          <reporter-output>
          </reporter-output>
        </test-method> <!-- clickOnContactLink -->
        <test-method is-config="true" signature="teardown(org.testng.ITestResult)[pri:0, instance:com.automation.qa.testcases.HomePageTest@74235045]" started-at="2020-07-23T19:20:08 IST" name="teardown" finished-at="2020-07-23T19:20:09 IST" duration-ms="1162" status="PASS">
          <params>
            <param index="0">
              <value>
                <![CDATA[[TestResult name=clickOnContactLink status=SUCCESS method=HomePageTest.clickOnContactLink()[pri:2, instance:com.automation.qa.testcases.HomePageTest@74235045] output={null}]]]>
              </value>
            </param>
          </params>
          <reporter-output>
          </reporter-output>
        </test-method> <!-- teardown -->
        <test-method is-config="true" signature="setup()[pri:0, instance:com.automation.qa.testcases.HomePageTest@74235045]" started-at="2020-07-23T19:20:09 IST" name="setup" finished-at="2020-07-23T19:20:36 IST" duration-ms="26985" status="PASS">
          <reporter-output>
          </reporter-output>
        </test-method> <!-- setup -->
        <test-method signature="clickOnAssistancePageLink()[pri:3, instance:com.automation.qa.testcases.HomePageTest@74235045]" started-at="2020-07-23T19:20:36 IST" name="clickOnAssistancePageLink" finished-at="2020-07-23T19:20:38 IST" duration-ms="1509" status="PASS">
          <reporter-output>
          </reporter-output>
        </test-method> <!-- clickOnAssistancePageLink -->
        <test-method is-config="true" signature="teardown(org.testng.ITestResult)[pri:0, instance:com.automation.qa.testcases.HomePageTest@74235045]" started-at="2020-07-23T19:20:38 IST" name="teardown" finished-at="2020-07-23T19:20:39 IST" duration-ms="1182" status="PASS">
          <params>
            <param index="0">
              <value>
                <![CDATA[[TestResult name=clickOnAssistancePageLink status=SUCCESS method=HomePageTest.clickOnAssistancePageLink()[pri:3, instance:com.automation.qa.testcases.HomePageTest@74235045] output={null}]]]>
              </value>
            </param>
          </params>
          <reporter-output>
          </reporter-output>
        </test-method> <!-- teardown -->
        <test-method is-config="true" signature="setExtent1()[pri:0, instance:com.automation.qa.testcases.HomePageTest@74235045]" started-at="2020-07-23T19:21:10 IST" name="setExtent1" finished-at="2020-07-23T19:21:11 IST" duration-ms="223" status="PASS">
          <reporter-output>
          </reporter-output>
        </test-method> <!-- setExtent1 -->
      </class> <!-- com.automation.qa.testcases.HomePageTest -->
    </test> <!-- Test Automation Test  -->
  </suite> <!-- Test Automation Suite -->
</testng-results>
